Running SLURM prolog script on red084.cluster.local
===============================================================================
Job started on Thu Jun  7 10:52:50 BST 2018
Job ID          : 95057
Job name        : asv_job
WorkDir         : /mainfs/home/td7g11/pyroute/analysis
Partition       : batch
Num hosts       : 1
Num cores       : 1
Num of tasks    : 1
Hosts allocated : red084
Job Output Follows ...
===============================================================================
==============================================================================
Running epilogue script on red084.

Submit time  : 2018-06-07T10:52:52
Start time   : 2018-06-07T10:52:52
End time     : 2018-06-07T10:53:57
Elapsed time : 00:01:05 (Timelimit=1-12:00:00)

   JobName     MaxRSS  MaxVMSize    Elapsed 
---------- ---------- ---------- ---------- 
   asv_job                         00:01:05 
     batch  16121428K  18181580K   00:01:05 

