Running SLURM prolog script on red020.cluster.local
===============================================================================
Job started on Fri Jun  1 20:00:39 BST 2018
Job ID          : 91403
Job name        : asv_job
WorkDir         : /mainfs/home/td7g11/pyroute/analysis
Partition       : batch
Num hosts       : 1
Num cores       : 1
Num of tasks    : 1
Hosts allocated : red020
Job Output Follows ...
===============================================================================
==============================================================================
Running epilogue script on red020.

Submit time  : 2018-06-01T20:00:51
Start time   : 2018-06-01T20:00:51
End time     : 2018-06-01T20:02:18
Elapsed time : 00:01:27 (Timelimit=1-16:00:00)

   JobName     MaxRSS  MaxVMSize    Elapsed 
---------- ---------- ---------- ---------- 
   asv_job                         00:01:27 
     batch  12108004K  14183608K   00:01:27 

