Running SLURM prolog script on red084.cluster.local
===============================================================================
Job started on Thu Jun  7 10:38:43 BST 2018
Job ID          : 95048
Job name        : asv_job
WorkDir         : /mainfs/home/td7g11/pyroute/analysis
Partition       : batch
Num hosts       : 1
Num cores       : 1
Num of tasks    : 1
Hosts allocated : red084
Job Output Follows ...
===============================================================================
==============================================================================
Running epilogue script on red084.

Submit time  : 2018-06-07T10:38:45
Start time   : 2018-06-07T10:38:45
End time     : 2018-06-07T10:39:41
Elapsed time : 00:00:56 (Timelimit=1-12:00:00)

   JobName     MaxRSS  MaxVMSize    Elapsed 
---------- ---------- ---------- ---------- 
   asv_job                         00:00:56 
     batch  12104244K  14185008K   00:00:56 

