Running SLURM prolog script on red004.cluster.local
===============================================================================
Job started on Sat Jun  9 08:52:49 BST 2018
Job ID          : 96015
Job name        : asv_job
WorkDir         : /mainfs/home/td7g11/pyroute/analysis
Partition       : batch
Num hosts       : 1
Num cores       : 1
Num of tasks    : 1
Hosts allocated : red004
Job Output Follows ...
===============================================================================
==============================================================================
Running epilogue script on red004.

Submit time  : 2018-06-09T08:52:59
Start time   : 2018-06-09T08:53:00
End time     : 2018-06-09T08:53:56
Elapsed time : 00:00:56 (Timelimit=1-12:00:00)

Job ID: 96015
Cluster: i5
User/Group: td7g11/mm
State: COMPLETED (exit code 0)
Cores: 1
CPU Utilized: 00:01:07
CPU Efficiency: 119.64% of 00:00:56 core-walltime
Memory Utilized: 11.57 GB

