Running SLURM prolog script on red084.cluster.local
===============================================================================
Job started on Thu Jun  7 10:17:46 BST 2018
Job ID          : 95037
Job name        : asv_job
WorkDir         : /mainfs/home/td7g11/pyroute/analysis
Partition       : batch
Num hosts       : 1
Num cores       : 1
Num of tasks    : 1
Hosts allocated : red084
Job Output Follows ...
===============================================================================
Traceback (most recent call last):
  File "<stdin>", line 156, in <module>
  File "<stdin>", line 65, in run_simulation_over_days
  File "/mainfs/home/td7g11/pyroute/sail_route/sail_routing.py", line 309, in plot_isochrones
    np.linspace(et[et < 1e308].min(),
  File "/home/td7g11/.local/lib/python3.6/site-packages/numpy/core/_methods.py", line 29, in _amin
    return umr_minimum(a, axis, None, out, keepdims)
ValueError: zero-size array to reduction operation minimum which has no identity
==============================================================================
Running epilogue script on red084.

Submit time  : 2018-06-07T10:17:48
Start time   : 2018-06-07T10:17:48
End time     : 2018-06-07T10:18:43
Elapsed time : 00:00:55 (Timelimit=1-12:00:00)

   JobName     MaxRSS  MaxVMSize    Elapsed 
---------- ---------- ---------- ---------- 
   asv_job                         00:00:55 
     batch  12116756K  14184640K   00:00:55 

