Running SLURM prolog script on red169.cluster.local
===============================================================================
Job started on Mon Jun  4 14:45:46 BST 2018
Job ID          : 91879
Job name        : asv_job
WorkDir         : /mainfs/home/td7g11/pyroute/analysis
Partition       : batch
Num hosts       : 1
Num cores       : 1
Num of tasks    : 1
Hosts allocated : red169
Job Output Follows ...
===============================================================================
==============================================================================
Running epilogue script on red169.

Submit time  : 2018-06-04T14:45:50
Start time   : 2018-06-04T14:45:50
End time     : 2018-06-04T16:45:27
Elapsed time : 01:59:37 (Timelimit=1-16:00:00)

   JobName     MaxRSS  MaxVMSize    Elapsed 
---------- ---------- ---------- ---------- 
   asv_job                         01:59:37 
     batch  18586320K  21303620K   01:59:37 

