Running SLURM prolog script on red084.cluster.local
===============================================================================
Job started on Thu Jun  7 10:11:45 BST 2018
Job ID          : 95034
Job name        : asv_job
WorkDir         : /mainfs/home/td7g11/pyroute/analysis
Partition       : batch
Num hosts       : 1
Num cores       : 1
Num of tasks    : 1
Hosts allocated : red084
Job Output Follows ...
===============================================================================
==============================================================================
Running epilogue script on red084.

Submit time  : 2018-06-07T10:11:46
Start time   : 2018-06-07T10:11:47
End time     : 2018-06-07T10:13:42
Elapsed time : 00:01:55 (Timelimit=1-12:00:00)

   JobName     MaxRSS  MaxVMSize    Elapsed 
---------- ---------- ---------- ---------- 
   asv_job                         00:01:55 
     batch  12101160K  14185036K   00:01:55 

