Running SLURM prolog script on red084.cluster.local
===============================================================================
Job started on Thu Jun  7 09:47:05 BST 2018
Job ID          : 95020
Job name        : asv_job
WorkDir         : /mainfs/home/td7g11/pyroute/analysis
Partition       : batch
Num hosts       : 1
Num cores       : 1
Num of tasks    : 1
Hosts allocated : red084
Job Output Follows ...
===============================================================================
==============================================================================
Running epilogue script on red084.

Submit time  : 2018-06-07T09:47:07
Start time   : 2018-06-07T09:47:07
End time     : 2018-06-07T09:48:18
Elapsed time : 00:01:11 (Timelimit=1-12:00:00)

   JobName     MaxRSS  MaxVMSize    Elapsed 
---------- ---------- ---------- ---------- 
   asv_job                         00:01:11 
     batch  14840252K  18134848K   00:01:11 

