Running SLURM prolog script on red004.cluster.local
===============================================================================
Job started on Sat Jun  9 08:48:28 BST 2018
Job ID          : 96013
Job name        : asv_job
WorkDir         : /mainfs/home/td7g11/pyroute/analysis
Partition       : batch
Num hosts       : 1
Num cores       : 1
Num of tasks    : 1
Hosts allocated : red004
Job Output Follows ...
===============================================================================
==============================================================================
Running epilogue script on red004.

Submit time  : 2018-06-09T08:48:38
Start time   : 2018-06-09T08:48:39
End time     : 2018-06-09T08:50:55
Elapsed time : 00:02:16 (Timelimit=1-12:00:00)

Job ID: 96013
Cluster: i5
User/Group: td7g11/mm
State: COMPLETED (exit code 0)
Cores: 1
CPU Utilized: 00:01:44
CPU Efficiency: 76.47% of 00:02:16 core-walltime
Memory Utilized: 15.45 GB

