Running SLURM prolog script on red004.cluster.local
===============================================================================
Job started on Sat Jun  9 08:57:50 BST 2018
Job ID          : 96016
Job name        : asv_job
WorkDir         : /mainfs/home/td7g11/pyroute/analysis
Partition       : batch
Num hosts       : 1
Num cores       : 1
Num of tasks    : 1
Hosts allocated : red004
Job Output Follows ...
===============================================================================
==============================================================================
Running epilogue script on red004.

Submit time  : 2018-06-09T08:58:01
Start time   : 2018-06-09T08:58:01
End time     : 2018-06-09T09:05:43
Elapsed time : 00:07:42 (Timelimit=1-12:00:00)

Job ID: 96016
Cluster: i5
User/Group: td7g11/mm
State: COMPLETED (exit code 0)
Cores: 1
CPU Utilized: 00:07:52
CPU Efficiency: 102.16% of 00:07:42 core-walltime
Memory Utilized: 11.58 GB

