Running SLURM prolog script on red020.cluster.local
===============================================================================
Job started on Sat Jun  2 06:30:18 BST 2018
Job ID          : 91466
Job name        : asv_job
WorkDir         : /mainfs/home/td7g11/pyroute/analysis
Partition       : batch
Num hosts       : 1
Num cores       : 1
Num of tasks    : 1
Hosts allocated : red020
Job Output Follows ...
===============================================================================
==============================================================================
Running epilogue script on red020.

Submit time  : 2018-06-02T06:30:31
Start time   : 2018-06-02T06:30:31
End time     : 2018-06-02T06:31:40
Elapsed time : 00:01:09 (Timelimit=1-16:00:00)

   JobName     MaxRSS  MaxVMSize    Elapsed 
---------- ---------- ---------- ---------- 
   asv_job                         00:01:09 
     batch  21740440K  26647868K   00:01:09 

